<?xml version="1.0" encoding="UTF-8"?>
<!-- Generated by org.testng.reporters.JUnitXMLReporter -->
<testsuite ignored="0" hostname="LAPTOP-OTF4MHNH" failures="3" tests="5" name="API functional testing" time="0.125" errors="0" timestamp="2020-02-21T00:34:35 IST">
  <testcase classname="test.Test1" name="test_case1" time="0.015"/>
  <testcase classname="test.Test1" name="test_case2" time="0.003">
    <failure type="java.lang.AssertionError" message="expected [true] but found [false]">
      <![CDATA[java.lang.AssertionError: expected [true] but found [false]
at test.Test1.test_case2(Test1.java:17)
at java.base/java.util.ArrayList.forEach(ArrayList.java:1540)
... Removed 32 stack frames]]>
    </failure>
  </testcase> <!-- test_case2 -->
  <testcase classname="test.Test1" name="test_case3" time="0.001">
    <failure type="java.lang.AssertionError" message="expected [false] but found [true]">
      <![CDATA[java.lang.AssertionError: expected [false] but found [true]
at test.Test1.test_case3(Test1.java:23)
at java.base/java.util.ArrayList.forEach(ArrayList.java:1540)
... Removed 32 stack frames]]>
    </failure>
  </testcase> <!-- test_case3 -->
  <testcase classname="test.Test1" name="test_case4" time="0.002"/>
  <testcase classname="test.Test1" name="test_case5" time="0.006">
    <failure type="java.lang.AssertionError" message="expected [true] but found [false]">
      <![CDATA[java.lang.AssertionError: expected [true] but found [false]
at test.Test1.test_case5(Test1.java:35)
at java.base/java.util.ArrayList.forEach(ArrayList.java:1540)
... Removed 32 stack frames]]>
    </failure>
  </testcase> <!-- test_case5 -->
</testsuite> <!-- API functional testing -->
