<?xml version="1.0" encoding="UTF-8"?>
<testng-results ignored="0" total="1" passed="1" failed="0" skipped="0">
  <reporter-output>
  </reporter-output>
  <suite started-at="2020-03-07T16:58:29 IST" name="Default suite" finished-at="2020-03-07T16:58:30 IST" duration-ms="418">
    <groups>
    </groups>
    <test started-at="2020-03-07T16:58:29 IST" name="Default test" finished-at="2020-03-07T16:58:30 IST" duration-ms="418">
      <class name="sd1.Test_Json_Payload">
        <test-method signature="test_Json_Payload()[pri:0, instance:sd1.Test_Json_Payload@757acd7b]" started-at="2020-03-07T16:58:29 IST" name="test_Json_Payload" finished-at="2020-03-07T16:58:30 IST" duration-ms="359" status="PASS">
          <reporter-output>
          </reporter-output>
        </test-method> <!-- test_Json_Payload -->
      </class> <!-- sd1.Test_Json_Payload -->
    </test> <!-- Default test -->
  </suite> <!-- Default suite -->
</testng-results>
