<?xml version="1.0" encoding="UTF-8"?>
<testng-results ignored="0" total="1" passed="1" failed="0" skipped="0">
  <reporter-output>
  </reporter-output>
  <suite started-at="2020-03-10T16:35:45 IST" name="Default suite" finished-at="2020-03-10T16:35:46 IST" duration-ms="403">
    <groups>
    </groups>
    <test started-at="2020-03-10T16:35:45 IST" name="Default test" finished-at="2020-03-10T16:35:46 IST" duration-ms="403">
      <class name="serializationAndDeserialization.TestMenuJsonPayload">
        <test-method signature="testMenuJsonPayload()[pri:0, instance:serializationAndDeserialization.TestMenuJsonPayload@757acd7b]" started-at="2020-03-10T16:35:45 IST" name="testMenuJsonPayload" finished-at="2020-03-10T16:35:46 IST" duration-ms="346" status="PASS">
          <reporter-output>
          </reporter-output>
        </test-method> <!-- testMenuJsonPayload -->
      </class> <!-- serializationAndDeserialization.TestMenuJsonPayload -->
    </test> <!-- Default test -->
  </suite> <!-- Default suite -->
</testng-results>
